<?xml version="1.0" encoding="UTF-8"?>
<testsuite xmlns:xsi="http://www.w3.org/2001/XMLSchema-instance" xsi:noNamespaceSchemaLocation="https://maven.apache.org/surefire/maven-surefire-plugin/xsd/surefire-test-report.xsd" name="com.adactin.runner.Runner" time="43.248" tests="73" errors="0" skipped="0" failures="0">
  <properties>
    <property name="sun.desktop" value="windows"/>
    <property name="awt.toolkit" value="sun.awt.windows.WToolkit"/>
    <property name="file.encoding.pkg" value="sun.io"/>
    <property name="java.specification.version" value="1.8"/>
    <property name="sun.cpu.isalist" value="amd64"/>
    <property name="sun.jnu.encoding" value="Cp1252"/>
    <property name="java.class.path" value="E:\Eclipse Programs\AdactinCucumber\target\test-classes;E:\Eclipse Programs\AdactinCucumber\target\classes;C:\Users\Aashiq\.m2\repository\junit\junit\4.12\junit-4.12.jar;C:\Users\Aashiq\.m2\repository\org\hamcrest\hamcrest-core\1.3\hamcrest-core-1.3.jar;C:\Users\Aashiq\.m2\repository\org\seleniumhq\selenium\selenium-java\3.141.59\selenium-java-3.141.59.jar;C:\Users\Aashiq\.m2\repository\org\seleniumhq\selenium\selenium-api\3.141.59\selenium-api-3.141.59.jar;C:\Users\Aashiq\.m2\repository\org\seleniumhq\selenium\selenium-chrome-driver\3.141.59\selenium-chrome-driver-3.141.59.jar;C:\Users\Aashiq\.m2\repository\org\seleniumhq\selenium\selenium-edge-driver\3.141.59\selenium-edge-driver-3.141.59.jar;C:\Users\Aashiq\.m2\repository\org\seleniumhq\selenium\selenium-firefox-driver\3.141.59\selenium-firefox-driver-3.141.59.jar;C:\Users\Aashiq\.m2\repository\org\seleniumhq\selenium\selenium-ie-driver\3.141.59\selenium-ie-driver-3.141.59.jar;C:\Users\Aashiq\.m2\repository\org\seleniumhq\selenium\selenium-opera-driver\3.141.59\selenium-opera-driver-3.141.59.jar;C:\Users\Aashiq\.m2\repository\org\seleniumhq\selenium\selenium-remote-driver\3.141.59\selenium-remote-driver-3.141.59.jar;C:\Users\Aashiq\.m2\repository\org\seleniumhq\selenium\selenium-safari-driver\3.141.59\selenium-safari-driver-3.141.59.jar;C:\Users\Aashiq\.m2\repository\org\seleniumhq\selenium\selenium-support\3.141.59\selenium-support-3.141.59.jar;C:\Users\Aashiq\.m2\repository\net\bytebuddy\byte-buddy\1.8.15\byte-buddy-1.8.15.jar;C:\Users\Aashiq\.m2\repository\org\apache\commons\commons-exec\1.3\commons-exec-1.3.jar;C:\Users\Aashiq\.m2\repository\com\google\guava\guava\25.0-jre\guava-25.0-jre.jar;C:\Users\Aashiq\.m2\repository\com\google\code\findbugs\jsr305\1.3.9\jsr305-1.3.9.jar;C:\Users\Aashiq\.m2\repository\org\checkerframework\checker-compat-qual\2.0.0\checker-compat-qual-2.0.0.jar;C:\Users\Aashiq\.m2\repository\com\google\errorprone\error_prone_annotations\2.1.3\error_prone_annotations-2.1.3.jar;C:\Users\Aashiq\.m2\repository\com\google\j2objc\j2objc-annotations\1.1\j2objc-annotations-1.1.jar;C:\Users\Aashiq\.m2\repository\org\codehaus\mojo\animal-sniffer-annotations\1.14\animal-sniffer-annotations-1.14.jar;C:\Users\Aashiq\.m2\repository\com\squareup\okhttp3\okhttp\3.11.0\okhttp-3.11.0.jar;C:\Users\Aashiq\.m2\repository\com\squareup\okio\okio\1.14.0\okio-1.14.0.jar;C:\Users\Aashiq\.m2\repository\commons-io\commons-io\2.6\commons-io-2.6.jar;C:\Users\Aashiq\.m2\repository\info\cukes\cucumber-java\1.2.5\cucumber-java-1.2.5.jar;C:\Users\Aashiq\.m2\repository\info\cukes\cucumber-junit\1.2.5\cucumber-junit-1.2.5.jar;C:\Users\Aashiq\.m2\repository\info\cukes\cucumber-core\1.2.5\cucumber-core-1.2.5.jar;C:\Users\Aashiq\.m2\repository\info\cukes\cucumber-html\0.2.3\cucumber-html-0.2.3.jar;C:\Users\Aashiq\.m2\repository\info\cukes\cucumber-jvm-deps\1.0.5\cucumber-jvm-deps-1.0.5.jar;C:\Users\Aashiq\.m2\repository\info\cukes\gherkin\2.12.2\gherkin-2.12.2.jar;C:\Users\Aashiq\.m2\repository\com\vimalselvam\cucumber-extentsreport\3.0.2\cucumber-extentsreport-3.0.2.jar;C:\Users\Aashiq\.m2\repository\com\aventstack\extentreports\3.1.2\extentreports-3.1.2.jar;C:\Users\Aashiq\.m2\repository\org\freemarker\freemarker\2.3.23\freemarker-2.3.23.jar;C:\Users\Aashiq\.m2\repository\org\mongodb\mongodb-driver\3.3.0\mongodb-driver-3.3.0.jar;C:\Users\Aashiq\.m2\repository\org\mongodb\bson\3.3.0\bson-3.3.0.jar;C:\Users\Aashiq\.m2\repository\org\mongodb\mongodb-driver-core\3.3.0\mongodb-driver-core-3.3.0.jar;C:\Users\Aashiq\.m2\repository\org\apache\httpcomponents\httpclient\4.5.2\httpclient-4.5.2.jar;C:\Users\Aashiq\.m2\repository\org\apache\httpcomponents\httpcore\4.4.4\httpcore-4.4.4.jar;C:\Users\Aashiq\.m2\repository\commons-logging\commons-logging\1.2\commons-logging-1.2.jar;C:\Users\Aashiq\.m2\repository\commons-codec\commons-codec\1.9\commons-codec-1.9.jar;C:\Users\Aashiq\.m2\repository\org\apache\httpcomponents\httpmime\4.5.2\httpmime-4.5.2.jar;C:\Users\Aashiq\.m2\repository\org\jsoup\jsoup\1.9.2\jsoup-1.9.2.jar;C:\Users\Aashiq\.m2\repository\com\google\code\gson\gson\2.8.0\gson-2.8.0.jar;"/>
    <property name="java.vm.vendor" value="Oracle Corporation"/>
    <property name="sun.arch.data.model" value="64"/>
    <property name="user.variant" value=""/>
    <property name="java.vendor.url" value="http://java.oracle.com/"/>
    <property name="user.timezone" value="Asia/Calcutta"/>
    <property name="java.vm.specification.version" value="1.8"/>
    <property name="os.name" value="Windows 10"/>
    <property name="user.country" value="IN"/>
    <property name="sun.java.launcher" value="SUN_STANDARD"/>
    <property name="sun.boot.library.path" value="E:\Java\Java\jdk1.8.0_181\jre\bin"/>
    <property name="sun.java.command" value="C:\Users\Aashiq\AppData\Local\Temp\surefire4381429804154105300\surefirebooter8005597195280430572.jar C:\Users\Aashiq\AppData\Local\Temp\surefire4381429804154105300 2020-06-05T21-55-26_621-jvmRun1 surefire8045743565661028928tmp surefire_06600749026934693245tmp"/>
    <property name="surefire.test.class.path" value="E:\Eclipse Programs\AdactinCucumber\target\test-classes;E:\Eclipse Programs\AdactinCucumber\target\classes;C:\Users\Aashiq\.m2\repository\junit\junit\4.12\junit-4.12.jar;C:\Users\Aashiq\.m2\repository\org\hamcrest\hamcrest-core\1.3\hamcrest-core-1.3.jar;C:\Users\Aashiq\.m2\repository\org\seleniumhq\selenium\selenium-java\3.141.59\selenium-java-3.141.59.jar;C:\Users\Aashiq\.m2\repository\org\seleniumhq\selenium\selenium-api\3.141.59\selenium-api-3.141.59.jar;C:\Users\Aashiq\.m2\repository\org\seleniumhq\selenium\selenium-chrome-driver\3.141.59\selenium-chrome-driver-3.141.59.jar;C:\Users\Aashiq\.m2\repository\org\seleniumhq\selenium\selenium-edge-driver\3.141.59\selenium-edge-driver-3.141.59.jar;C:\Users\Aashiq\.m2\repository\org\seleniumhq\selenium\selenium-firefox-driver\3.141.59\selenium-firefox-driver-3.141.59.jar;C:\Users\Aashiq\.m2\repository\org\seleniumhq\selenium\selenium-ie-driver\3.141.59\selenium-ie-driver-3.141.59.jar;C:\Users\Aashiq\.m2\repository\org\seleniumhq\selenium\selenium-opera-driver\3.141.59\selenium-opera-driver-3.141.59.jar;C:\Users\Aashiq\.m2\repository\org\seleniumhq\selenium\selenium-remote-driver\3.141.59\selenium-remote-driver-3.141.59.jar;C:\Users\Aashiq\.m2\repository\org\seleniumhq\selenium\selenium-safari-driver\3.141.59\selenium-safari-driver-3.141.59.jar;C:\Users\Aashiq\.m2\repository\org\seleniumhq\selenium\selenium-support\3.141.59\selenium-support-3.141.59.jar;C:\Users\Aashiq\.m2\repository\net\bytebuddy\byte-buddy\1.8.15\byte-buddy-1.8.15.jar;C:\Users\Aashiq\.m2\repository\org\apache\commons\commons-exec\1.3\commons-exec-1.3.jar;C:\Users\Aashiq\.m2\repository\com\google\guava\guava\25.0-jre\guava-25.0-jre.jar;C:\Users\Aashiq\.m2\repository\com\google\code\findbugs\jsr305\1.3.9\jsr305-1.3.9.jar;C:\Users\Aashiq\.m2\repository\org\checkerframework\checker-compat-qual\2.0.0\checker-compat-qual-2.0.0.jar;C:\Users\Aashiq\.m2\repository\com\google\errorprone\error_prone_annotations\2.1.3\error_prone_annotations-2.1.3.jar;C:\Users\Aashiq\.m2\repository\com\google\j2objc\j2objc-annotations\1.1\j2objc-annotations-1.1.jar;C:\Users\Aashiq\.m2\repository\org\codehaus\mojo\animal-sniffer-annotations\1.14\animal-sniffer-annotations-1.14.jar;C:\Users\Aashiq\.m2\repository\com\squareup\okhttp3\okhttp\3.11.0\okhttp-3.11.0.jar;C:\Users\Aashiq\.m2\repository\com\squareup\okio\okio\1.14.0\okio-1.14.0.jar;C:\Users\Aashiq\.m2\repository\commons-io\commons-io\2.6\commons-io-2.6.jar;C:\Users\Aashiq\.m2\repository\info\cukes\cucumber-java\1.2.5\cucumber-java-1.2.5.jar;C:\Users\Aashiq\.m2\repository\info\cukes\cucumber-junit\1.2.5\cucumber-junit-1.2.5.jar;C:\Users\Aashiq\.m2\repository\info\cukes\cucumber-core\1.2.5\cucumber-core-1.2.5.jar;C:\Users\Aashiq\.m2\repository\info\cukes\cucumber-html\0.2.3\cucumber-html-0.2.3.jar;C:\Users\Aashiq\.m2\repository\info\cukes\cucumber-jvm-deps\1.0.5\cucumber-jvm-deps-1.0.5.jar;C:\Users\Aashiq\.m2\repository\info\cukes\gherkin\2.12.2\gherkin-2.12.2.jar;C:\Users\Aashiq\.m2\repository\com\vimalselvam\cucumber-extentsreport\3.0.2\cucumber-extentsreport-3.0.2.jar;C:\Users\Aashiq\.m2\repository\com\aventstack\extentreports\3.1.2\extentreports-3.1.2.jar;C:\Users\Aashiq\.m2\repository\org\freemarker\freemarker\2.3.23\freemarker-2.3.23.jar;C:\Users\Aashiq\.m2\repository\org\mongodb\mongodb-driver\3.3.0\mongodb-driver-3.3.0.jar;C:\Users\Aashiq\.m2\repository\org\mongodb\bson\3.3.0\bson-3.3.0.jar;C:\Users\Aashiq\.m2\repository\org\mongodb\mongodb-driver-core\3.3.0\mongodb-driver-core-3.3.0.jar;C:\Users\Aashiq\.m2\repository\org\apache\httpcomponents\httpclient\4.5.2\httpclient-4.5.2.jar;C:\Users\Aashiq\.m2\repository\org\apache\httpcomponents\httpcore\4.4.4\httpcore-4.4.4.jar;C:\Users\Aashiq\.m2\repository\commons-logging\commons-logging\1.2\commons-logging-1.2.jar;C:\Users\Aashiq\.m2\repository\commons-codec\commons-codec\1.9\commons-codec-1.9.jar;C:\Users\Aashiq\.m2\repository\org\apache\httpcomponents\httpmime\4.5.2\httpmime-4.5.2.jar;C:\Users\Aashiq\.m2\repository\org\jsoup\jsoup\1.9.2\jsoup-1.9.2.jar;C:\Users\Aashiq\.m2\repository\com\google\code\gson\gson\2.8.0\gson-2.8.0.jar;"/>
    <property name="sun.cpu.endian" value="little"/>
    <property name="user.home" value="C:\Users\Aashiq"/>
    <property name="user.language" value="en"/>
    <property name="java.specification.vendor" value="Oracle Corporation"/>
    <property name="java.home" value="E:\Java\Java\jdk1.8.0_181\jre"/>
    <property name="basedir" value="E:\Eclipse Programs\AdactinCucumber"/>
    <property name="file.separator" value="\"/>
    <property name="line.separator" value="&#10;"/>
    <property name="java.vm.specification.vendor" value="Oracle Corporation"/>
    <property name="java.specification.name" value="Java Platform API Specification"/>
    <property name="java.awt.graphicsenv" value="sun.awt.Win32GraphicsEnvironment"/>
    <property name="surefire.real.class.path" value="C:\Users\Aashiq\AppData\Local\Temp\surefire4381429804154105300\surefirebooter8005597195280430572.jar"/>
    <property name="sun.boot.class.path" value="E:\Java\Java\jdk1.8.0_181\jre\lib\resources.jar;E:\Java\Java\jdk1.8.0_181\jre\lib\rt.jar;E:\Java\Java\jdk1.8.0_181\jre\lib\sunrsasign.jar;E:\Java\Java\jdk1.8.0_181\jre\lib\jsse.jar;E:\Java\Java\jdk1.8.0_181\jre\lib\jce.jar;E:\Java\Java\jdk1.8.0_181\jre\lib\charsets.jar;E:\Java\Java\jdk1.8.0_181\jre\lib\jfr.jar;E:\Java\Java\jdk1.8.0_181\jre\classes"/>
    <property name="user.script" value=""/>
    <property name="sun.management.compiler" value="HotSpot 64-Bit Tiered Compilers"/>
    <property name="java.runtime.version" value="1.8.0_181-b13"/>
    <property name="user.name" value="Aashiq"/>
    <property name="path.separator" value=";"/>
    <property name="os.version" value="10.0"/>
    <property name="java.endorsed.dirs" value="E:\Java\Java\jdk1.8.0_181\jre\lib\endorsed"/>
    <property name="java.runtime.name" value="Java(TM) SE Runtime Environment"/>
    <property name="file.encoding" value="Cp1252"/>
    <property name="java.vm.name" value="Java HotSpot(TM) 64-Bit Server VM"/>
    <property name="localRepository" value="C:\Users\Aashiq\.m2\repository"/>
    <property name="java.vendor.url.bug" value="http://bugreport.sun.com/bugreport/"/>
    <property name="java.io.tmpdir" value="C:\Users\Aashiq\AppData\Local\Temp\"/>
    <property name="java.version" value="1.8.0_181"/>
    <property name="user.dir" value="E:\Eclipse Programs\AdactinCucumber"/>
    <property name="os.arch" value="amd64"/>
    <property name="java.vm.specification.name" value="Java Virtual Machine Specification"/>
    <property name="java.awt.printerjob" value="sun.awt.windows.WPrinterJob"/>
    <property name="sun.os.patch.level" value=""/>
    <property name="java.library.path" value="E:\Java\Java\jdk1.8.0_181\jre\bin;C:\windows\Sun\Java\bin;C:\windows\system32;C:\windows;E:/Java/Java/jdk1.8.0_181/bin/../jre/bin/server;E:/Java/Java/jdk1.8.0_181/bin/../jre/bin;E:/Java/Java/jdk1.8.0_181/bin/../jre/lib/amd64;C:\windows\system32;C:\windows;C:\windows\System32\Wbem;C:\windows\System32\WindowsPowerShell\v1.0\;C:\windows\System32\OpenSSH\;E:\Java\Java\jdk1.8.0_181\bin;C:\Maven\apache-maven-3.6.3\bin;C:\Users\Aashiq\AppData\Local\Microsoft\WindowsApps;;C:\Users\Aashiq\Desktop;;."/>
    <property name="java.vm.info" value="mixed mode"/>
    <property name="java.vendor" value="Oracle Corporation"/>
    <property name="java.vm.version" value="25.181-b13"/>
    <property name="java.ext.dirs" value="E:\Java\Java\jdk1.8.0_181\jre\lib\ext;C:\windows\Sun\Java\lib\ext"/>
    <property name="sun.io.unicode.encoding" value="UnicodeLittle"/>
    <property name="java.class.version" value="52.0"/>
  </properties>
  <testcase name="Given the user is logged in" classname="| Crazie | a1s1a1 |" time="0.002"/>
  <testcase name="And goes to landing page" classname="| Crazie | a1s1a1 |" time="0"/>
  <testcase name="Given User launch the adactin application" classname="| Crazie | a1s1a1 |" time="0"/>
  <testcase name="When User enter the &quot;Crazie&quot; valid username" classname="| Crazie | a1s1a1 |" time="0"/>
  <testcase name="And User enter the &quot;a1s1a1&quot; valid password" classname="| Crazie | a1s1a1 |" time="0"/>
  <testcase name="And User enter the login button" classname="| Crazie | a1s1a1 |" time="0"/>
  <testcase name="Then It lands to the homepage successfully" classname="| Crazie | a1s1a1 |" time="0"/>
  <testcase name="| Crazie | a1s1a1 |" classname="| Crazie | a1s1a1 |" time="0.001"/>
  <testcase name="Given the user is logged in" classname="| Craziequeen | b1v2b1 |" time="0"/>
  <testcase name="And goes to landing page" classname="| Craziequeen | b1v2b1 |" time="0"/>
  <testcase name="Given User launch the adactin application" classname="| Craziequeen | b1v2b1 |" time="0"/>
  <testcase name="When User enter the &quot;Craziequeen&quot; valid username" classname="| Craziequeen | b1v2b1 |" time="0"/>
  <testcase name="And User enter the &quot;b1v2b1&quot; valid password" classname="| Craziequeen | b1v2b1 |" time="0"/>
  <testcase name="And User enter the login button" classname="| Craziequeen | b1v2b1 |" time="0"/>
  <testcase name="Then It lands to the homepage successfully" classname="| Craziequeen | b1v2b1 |" time="0"/>
  <testcase name="| Craziequeen | b1v2b1 |" classname="| Craziequeen | b1v2b1 |" time="0.005"/>
  <testcase name="Given the user is logged in" classname="| PavithraN | Pavi@2426 |" time="0"/>
  <testcase name="And goes to landing page" classname="| PavithraN | Pavi@2426 |" time="0"/>
  <testcase name="Given User launch the adactin application" classname="| PavithraN | Pavi@2426 |" time="0"/>
  <testcase name="When User enter the &quot;PavithraN&quot; valid username" classname="| PavithraN | Pavi@2426 |" time="0"/>
  <testcase name="And User enter the &quot;Pavi@2426&quot; valid password" classname="| PavithraN | Pavi@2426 |" time="0"/>
  <testcase name="And User enter the login button" classname="| PavithraN | Pavi@2426 |" time="0"/>
  <testcase name="Then It lands to the homepage successfully" classname="| PavithraN | Pavi@2426 |" time="0"/>
  <testcase name="| PavithraN | Pavi@2426 |" classname="| PavithraN | Pavi@2426 |" time="0.001"/>
  <testcase name="Given the user is logged in" classname="Scenario: User searching the required hotel for lovable stay" time="0"/>
  <testcase name="And goes to landing page" classname="Scenario: User searching the required hotel for lovable stay" time="0"/>
  <testcase name="Given User select the required location" classname="Scenario: User searching the required hotel for lovable stay" time="0"/>
  <testcase name="When User select the number of rooms" classname="Scenario: User searching the required hotel for lovable stay" time="0"/>
  <testcase name="And User mentioning checkin date" classname="Scenario: User searching the required hotel for lovable stay" time="0"/>
  <testcase name="And User mentioning checkout date" classname="Scenario: User searching the required hotel for lovable stay" time="0"/>
  <testcase name="And User selecting adults per room" classname="Scenario: User searching the required hotel for lovable stay" time="0"/>
  <testcase name="And User enter the search button" classname="Scenario: User searching the required hotel for lovable stay" time="0"/>
  <testcase name="Then It lands to the nextpage succesfully" classname="Scenario: User searching the required hotel for lovable stay" time="0"/>
  <testcase name="Scenario: User searching the required hotel for lovable stay" classname="Scenario: User searching the required hotel for lovable stay" time="0.001"/>
  <testcase name="Given the user is logged in" classname="Scenario: User selecting hotel in that specific location" time="0"/>
  <testcase name="And goes to landing page" classname="Scenario: User selecting hotel in that specific location" time="0"/>
  <testcase name="Given User select his favourite hotel" classname="Scenario: User selecting hotel in that specific location" time="0"/>
  <testcase name="When User enter the continue button" classname="Scenario: User selecting hotel in that specific location" time="0"/>
  <testcase name="Then It lands to the nextpage succesfully" classname="Scenario: User selecting hotel in that specific location" time="0"/>
  <testcase name="Scenario: User selecting hotel in that specific location" classname="Scenario: User selecting hotel in that specific location" time="0.001"/>
  <testcase name="Given the user is logged in" classname="Scenario: User mentioning details to book the hotel" time="0"/>
  <testcase name="And goes to landing page" classname="Scenario: User mentioning details to book the hotel" time="0"/>
  <testcase name="Given User mentioning &quot;Aashiq&quot; firstname" classname="Scenario: User mentioning details to book the hotel" time="0"/>
  <testcase name="When User mentioning &quot;crazie&quot; lastname" classname="Scenario: User mentioning details to book the hotel" time="0"/>
  <testcase name="And User mentioning billing address" classname="Scenario: User mentioning details to book the hotel" time="0"/>
  <testcase name="And User mentioning creditcard number" classname="Scenario: User mentioning details to book the hotel" time="0"/>
  <testcase name="And User selecting creditcard type" classname="Scenario: User mentioning details to book the hotel" time="0"/>
  <testcase name="And User mentioning month of expiry" classname="Scenario: User mentioning details to book the hotel" time="0"/>
  <testcase name="And user mentioning year of expiry" classname="Scenario: User mentioning details to book the hotel" time="0"/>
  <testcase name="And User mentioning the cvv number" classname="Scenario: User mentioning details to book the hotel" time="0"/>
  <testcase name="And User enter the booknow button" classname="Scenario: User mentioning details to book the hotel" time="0"/>
  <testcase name="Then It lands to nextpage succesfully" classname="Scenario: User mentioning details to book the hotel" time="0"/>
  <testcase name="Scenario: User mentioning details to book the hotel" classname="Scenario: User mentioning details to book the hotel" time="0.001"/>
  <testcase name="Given the user is logged in" classname="Scenario: User validating booking confirmation page" time="0"/>
  <testcase name="And goes to landing page" classname="Scenario: User validating booking confirmation page" time="0"/>
  <testcase name="Given User enter the myitenary button" classname="Scenario: User validating booking confirmation page" time="0"/>
  <testcase name="Then It lands to nextpage succesfully" classname="Scenario: User validating booking confirmation page" time="0"/>
  <testcase name="Scenario: User validating booking confirmation page" classname="Scenario: User validating booking confirmation page" time="0.001"/>
  <testcase name="Given the user is logged in" classname="Scenario: User selecting hotel for cancellation" time="0"/>
  <testcase name="And goes to landing page" classname="Scenario: User selecting hotel for cancellation" time="0"/>
  <testcase name="Given User selecting reqiured hotel to cancel" classname="Scenario: User selecting hotel for cancellation" time="0"/>
  <testcase name="Scenario: User selecting hotel for cancellation" classname="Scenario: User selecting hotel for cancellation" time="0.001"/>
  <testcase name="Given the user is logged in" classname="Scenario: User entering cancelbutton and confirming the cancellation" time="0"/>
  <testcase name="And goes to landing page" classname="Scenario: User entering cancelbutton and confirming the cancellation" time="0"/>
  <testcase name="Given User enter the cancel button" classname="Scenario: User entering cancelbutton and confirming the cancellation" time="0"/>
  <testcase name="When user confirming the cancellation" classname="Scenario: User entering cancelbutton and confirming the cancellation" time="0"/>
  <testcase name="Then It loads to nextpage succesfully" classname="Scenario: User entering cancelbutton and confirming the cancellation" time="0.001"/>
  <testcase name="Scenario: User entering cancelbutton and confirming the cancellation" classname="Scenario: User entering cancelbutton and confirming the cancellation" time="0.002"/>
  <testcase name="Given the user is logged in" classname="Scenario: User logout the page" time="0"/>
  <testcase name="And goes to landing page" classname="Scenario: User logout the page" time="0"/>
  <testcase name="Given User enter the logoutbutton" classname="Scenario: User logout the page" time="0"/>
  <testcase name="Then It loads to final page succefully" classname="Scenario: User logout the page" time="0"/>
  <testcase name="Scenario: User logout the page" classname="Scenario: User logout the page" time="0.001"/>
</testsuite>